<?xml version="1.0" encoding="UTF-8"?>
<!-- Generated by org.testng.reporters.JUnitReportReporter -->
<testsuite hostname="DESKTOP-M0NP7I2" failures="0" tests="1" name="cucumber.TestRunner" time="8.107" errors="0" timestamp="2025-01-06T13:07:42 IST" skipped="0">
  <testcase classname="cucumber.TestRunner" name="runScenario" time="8.107"/>
  <system-out/>
</testsuite> <!-- cucumber.TestRunner -->
