<?xml version="1.0" encoding="UTF-8"?>
<!-- Generated by org.testng.reporters.JUnitReportReporter -->
<testsuite hostname="DESKTOP-M0NP7I2" failures="0" tests="1" name="BDD.Cucumber.TestRunner" time="10.206" errors="0" timestamp="2025-01-06T12:59:09 IST" skipped="0">
  <testcase classname="BDD.Cucumber.TestRunner" name="runScenario" time="10.206"/>
  <system-out/>
</testsuite> <!-- BDD.Cucumber.TestRunner -->
