<?xml version="1.0" encoding="UTF-8"?>
<!-- Generated by org.testng.reporters.JUnitReportReporter -->
<testsuite hostname="DESKTOP-M0NP7I2" failures="0" tests="1" name="cucumber.TestRunner" time="9.722" errors="0" timestamp="2025-01-06T15:25:20 IST" skipped="0">
  <testcase classname="cucumber.TestRunner" name="runScenario" time="9.722"/>
  <system-out/>
</testsuite> <!-- cucumber.TestRunner -->
